# JRE version: Java(TM) SE Runtime Environment (8.0_161-b12) (build 1.8.0_161-b12)
# Java VM: Java HotSpot(TM) 64-Bit Server VM (25.161-b12 mixed mode linux-amd64 compressed oops)
Heap:
 PSYoungGen      total 470016K, used 272K [0x00000000d7400000, 0x00000000f5800000, 0x0000000100000000)
  eden space 444416K, 0% used [0x00000000d7400000,0x00000000d7400000,0x00000000f2600000)
  from space 25600K, 1% used [0x00000000f2600000,0x00000000f2644010,0x00000000f3f00000)
  to   space 17920K, 0% used [0x00000000f4680000,0x00000000f4680000,0x00000000f5800000)
 ParOldGen       total 119296K, used 41711K [0x0000000085c00000, 0x000000008d080000, 0x00000000d7400000)
  object space 119296K, 34% used [0x0000000085c00000,0x00000000884bbde0,0x000000008d080000)
 Metaspace       used 63482K, capacity 64282K, committed 64640K, reserved 1105920K
  class space    used 7832K, capacity 8037K, committed 8064K, reserved 1048576K
GC Heap History (10 events):
Event: 331,045 GC heap after
Heap after GC invocations=23 (full 3):
 PSYoungGen      total 281600K, used 5427K [0x00000000d7400000, 0x00000000ea400000, 0x0000000100000000)
  eden space 256000K, 0% used [0x00000000d7400000,0x00000000d7400000,0x00000000e6e00000)
  from space 25600K, 21% used [0x00000000e8b00000,0x00000000e904cc20,0x00000000ea400000)
  to   space 27648K, 0% used [0x00000000e6e00000,0x00000000e6e00000,0x00000000e8900000)
 ParOldGen       total 119296K, used 38184K [0x0000000085c00000, 0x000000008d080000, 0x00000000d7400000)
  object space 119296K, 32% used [0x0000000085c00000,0x000000008814a150,0x000000008d080000)
 Metaspace       used 62802K, capacity 63664K, committed 64128K, reserved 1105920K
  class space    used 7821K, capacity 8030K, committed 8064K, reserved 1048576K
}
Event: 536,420 GC heap before
{Heap before GC invocations=24 (full 3):
 PSYoungGen      total 281600K, used 261427K [0x00000000d7400000, 0x00000000ea400000, 0x0000000100000000)
  eden space 256000K, 100% used [0x00000000d7400000,0x00000000e6e00000,0x00000000e6e00000)
  from space 25600K, 21% used [0x00000000e8b00000,0x00000000e904cc20,0x00000000ea400000)
  to   space 27648K, 0% used [0x00000000e6e00000,0x00000000e6e00000,0x00000000e8900000)
 ParOldGen       total 119296K, used 38184K [0x0000000085c00000, 0x000000008d080000, 0x00000000d7400000)
  object space 119296K, 32% used [0x0000000085c00000,0x000000008814a150,0x000000008d080000)
 Metaspace       used 62841K, capacity 63664K, committed 64128K, reserved 1105920K
  class space    used 7821K, capacity 8030K, committed 8064K, reserved 1048576K
Event: 536,436 GC heap after
Heap after GC invocations=24 (full 3):
 PSYoungGen      total 283648K, used 3392K [0x00000000d7400000, 0x00000000efa80000, 0x0000000100000000)
  eden space 256000K, 0% used [0x00000000d7400000,0x00000000d7400000,0x00000000e6e00000)
  from space 27648K, 12% used [0x00000000e6e00000,0x00000000e7150080,0x00000000e8900000)
  to   space 27136K, 0% used [0x00000000ee000000,0x00000000ee000000,0x00000000efa80000)
 ParOldGen       total 119296K, used 38192K [0x0000000085c00000, 0x000000008d080000, 0x00000000d7400000)
  object space 119296K, 32% used [0x0000000085c00000,0x000000008814c150,0x000000008d080000)
 Metaspace       used 62841K, capacity 63664K, committed 64128K, reserved 1105920K
  class space    used 7821K, capacity 8030K, committed 8064K, reserved 1048576K
}
Event: 740,606 GC heap before
{Heap before GC invocations=25 (full 3):
 PSYoungGen      total 283648K, used 259392K [0x00000000d7400000, 0x00000000efa80000, 0x0000000100000000)
  eden space 256000K, 100% used [0x00000000d7400000,0x00000000e6e00000,0x00000000e6e00000)
  from space 27648K, 12% used [0x00000000e6e00000,0x00000000e7150080,0x00000000e8900000)
  to   space 27136K, 0% used [0x00000000ee000000,0x00000000ee000000,0x00000000efa80000)
 ParOldGen       total 119296K, used 38192K [0x0000000085c00000, 0x000000008d080000, 0x00000000d7400000)
  object space 119296K, 32% used [0x0000000085c00000,0x000000008814c150,0x000000008d080000)
 Metaspace       used 62914K, capacity 63746K, committed 64128K, reserved 1105920K
  class space    used 7824K, capacity 8033K, committed 8064K, reserved 1048576K
Event: 740,612 GC heap after
Heap after GC invocations=25 (full 3):
 PSYoungGen      total 364544K, used 3408K [0x00000000d7400000, 0x00000000ef600000, 0x0000000100000000)
  eden space 342016K, 0% used [0x00000000d7400000,0x00000000d7400000,0x00000000ec200000)
  from space 22528K, 15% used [0x00000000ee000000,0x00000000ee354090,0x00000000ef600000)
  to   space 26624K, 0% used [0x00000000ec200000,0x00000000ec200000,0x00000000edc00000)
 ParOldGen       total 119296K, used 38200K [0x0000000085c00000, 0x000000008d080000, 0x00000000d7400000)
  object space 119296K, 32% used [0x0000000085c00000,0x000000008814e150,0x000000008d080000)
 Metaspace       used 62914K, capacity 63746K, committed 64128K, reserved 1105920K
  class space    used 7824K, capacity 8033K, committed 8064K, reserved 1048576K
}
Event: 990,375 GC heap before
{Heap before GC invocations=26 (full 3):
 PSYoungGen      total 364544K, used 345424K [0x00000000d7400000, 0x00000000ef600000, 0x0000000100000000)
  eden space 342016K, 100% used [0x00000000d7400000,0x00000000ec200000,0x00000000ec200000)
  from space 22528K, 15% used [0x00000000ee000000,0x00000000ee354090,0x00000000ef600000)
  to   space 26624K, 0% used [0x00000000ec200000,0x00000000ec200000,0x00000000edc00000)
 ParOldGen       total 119296K, used 38200K [0x0000000085c00000, 0x000000008d080000, 0x00000000d7400000)
  object space 119296K, 32% used [0x0000000085c00000,0x000000008814e150,0x000000008d080000)
 Metaspace       used 63243K, capacity 64026K, committed 64384K, reserved 1105920K
  class space    used 7831K, capacity 8037K, committed 8064K, reserved 1048576K
Event: 990,384 GC heap after
Heap after GC invocations=26 (full 3):
 PSYoungGen      total 368640K, used 2480K [0x00000000d7400000, 0x00000000f6000000, 0x0000000100000000)
  eden space 342016K, 0% used [0x00000000d7400000,0x00000000d7400000,0x00000000ec200000)
  from space 26624K, 9% used [0x00000000ec200000,0x00000000ec46c030,0x00000000edc00000)
  to   space 26112K, 0% used [0x00000000f4680000,0x00000000f4680000,0x00000000f6000000)
 ParOldGen       total 119296K, used 39472K [0x0000000085c00000, 0x000000008d080000, 0x00000000d7400000)
  object space 119296K, 33% used [0x0000000085c00000,0x000000008828c320,0x000000008d080000)
 Metaspace       used 63243K, capacity 64026K, committed 64384K, reserved 1105920K
  class space    used 7831K, capacity 8037K, committed 8064K, reserved 1048576K
}
Event: 1254,927 GC heap before
{Heap before GC invocations=27 (full 3):
 PSYoungGen      total 368640K, used 344496K [0x00000000d7400000, 0x00000000f6000000, 0x0000000100000000)
  eden space 342016K, 100% used [0x00000000d7400000,0x00000000ec200000,0x00000000ec200000)
  from space 26624K, 9% used [0x00000000ec200000,0x00000000ec46c030,0x00000000edc00000)
  to   space 26112K, 0% used [0x00000000f4680000,0x00000000f4680000,0x00000000f6000000)
 ParOldGen       total 119296K, used 39472K [0x0000000085c00000, 0x000000008d080000, 0x00000000d7400000)
  object space 119296K, 33% used [0x0000000085c00000,0x000000008828c320,0x000000008d080000)
 Metaspace       used 63468K, capacity 64282K, committed 64640K, reserved 1105920K
  class space    used 7832K, capacity 8037K, committed 8064K, reserved 1048576K
Event: 1254,934 GC heap after
Heap after GC invocations=27 (full 3):
 PSYoungGen      total 462336K, used 592K [0x00000000d7400000, 0x00000000f5800000, 0x0000000100000000)
  eden space 444416K, 0% used [0x00000000d7400000,0x00000000d7400000,0x00000000f2600000)
  from space 17920K, 3% used [0x00000000f4680000,0x00000000f4714010,0x00000000f5800000)
  to   space 25600K, 0% used [0x00000000f2600000,0x00000000f2600000,0x00000000f3f00000)
 ParOldGen       total 119296K, used 41399K [0x0000000085c00000, 0x000000008d080000, 0x00000000d7400000)
  object space 119296K, 34% used [0x0000000085c00000,0x000000008846df20,0x000000008d080000)
 Metaspace       used 63468K, capacity 64282K, committed 64640K, reserved 1105920K
  class space    used 7832K, capacity 8037K, committed 8064K, reserved 1048576K
}
Event: 1684,872 GC heap before
{Heap before GC invocations=28 (full 3):
 PSYoungGen      total 462336K, used 445008K [0x00000000d7400000, 0x00000000f5800000, 0x0000000100000000)
  eden space 444416K, 100% used [0x00000000d7400000,0x00000000f2600000,0x00000000f2600000)
  from space 17920K, 3% used [0x00000000f4680000,0x00000000f4714010,0x00000000f5800000)
  to   space 25600K, 0% used [0x00000000f2600000,0x00000000f2600000,0x00000000f3f00000)
 ParOldGen       total 119296K, used 41399K [0x0000000085c00000, 0x000000008d080000, 0x00000000d7400000)
  object space 119296K, 34% used [0x0000000085c00000,0x000000008846df20,0x000000008d080000)
 Metaspace       used 63482K, capacity 64282K, committed 64640K, reserved 1105920K
  class space    used 7832K, capacity 8037K, committed 8064K, reserved 1048576K

